<object-stream>
<org.drools.audit.event.ActivationLogEvent>
  <type>4</type>
  <activationId>CSRS Firefighter Annual Salary Deposit Calculation [1]</activationId>
  <rule>CSRS Firefighter Annual Salary Deposit Calculation</rule>
  <declarations>$servicePeriod={amount:12862,appointmentType:{&quot;id&quot;:0,&quot;deleted&quot;:false,&quot;name&quot;:&quot;TEMPORARY&quot;,&quot;displayOrder&quot;:null,&quot;description&quot;:null,&quot;category&quot;:null},beginDate:Tue May 07 00:00:00 CST 1985,deduction:null,earnings:null,endDate:Fri Feb 28 00:00:00 CST 1986,payType:{&quot;id&quot;:0,&quot;deleted&quot;:false,&quot;name&quot;:&quot;Annual Salary&quot;,&quot;displayOrder&quot;:null,&quot;description&quot;:null},periodType:{&quot;id&quot;:0,&quot;deleted&quot;:false,&quot;name&quot;:&quot;Deposit&quot;,&quot;displayOrder&quot;:null,&quot;description&quot;:null},retirementType:{&quot;id&quot;:0,&quot;deleted&quot;:false,&quot;name&quot;:&quot;CSRS&quot;,&quot;displayOrder&quot;:null,&quot;description&quot;:null},serviceType:{&quot;id&quot;:0,&quot;deleted&quot;:false,&quot;name&quot;:&quot;Firefighter&quot;,&quot;displayOrder&quot;:null,&quot;fersDepositAllowedAfter88&quot;:null},validationErrors:[]}(1)</declarations>
</org.drools.audit.event.ActivationLogEvent>
<org.drools.audit.event.ObjectLogEvent>
  <type>1</type>
  <factId>1</factId>
  <objectToString>{amount:12862,appointmentType:{&quot;id&quot;:0,&quot;deleted&quot;:false,&quot;name&quot;:&quot;TEMPORARY&quot;,&quot;displayOrder&quot;:null,&quot;description&quot;:null,&quot;category&quot;:null},beginDate:Tue May 07 00:00:00 CST 1985,deduction:null,earnings:null,endDate:Fri Feb 28 00:00:00 CST 1986,payType:{&quot;id&quot;:0,&quot;deleted&quot;:false,&quot;name&quot;:&quot;Annual Salary&quot;,&quot;displayOrder&quot;:null,&quot;description&quot;:null},periodType:{&quot;id&quot;:0,&quot;deleted&quot;:false,&quot;name&quot;:&quot;Deposit&quot;,&quot;displayOrder&quot;:null,&quot;description&quot;:null},retirementType:{&quot;id&quot;:0,&quot;deleted&quot;:false,&quot;name&quot;:&quot;CSRS&quot;,&quot;displayOrder&quot;:null,&quot;description&quot;:null},serviceType:{&quot;id&quot;:0,&quot;deleted&quot;:false,&quot;name&quot;:&quot;Firefighter&quot;,&quot;displayOrder&quot;:null,&quot;fersDepositAllowedAfter88&quot;:null},validationErrors:[]}</objectToString>
</org.drools.audit.event.ObjectLogEvent>
<org.drools.audit.event.ActivationLogEvent>
  <type>4</type>
  <activationId>CSRS Firefighter Annual Salary Deposit Calculation [2]</activationId>
  <rule>CSRS Firefighter Annual Salary Deposit Calculation</rule>
  <declarations>$servicePeriod={amount:13248,appointmentType:{&quot;id&quot;:0,&quot;deleted&quot;:false,&quot;name&quot;:&quot;TEMPORARY&quot;,&quot;displayOrder&quot;:null,&quot;description&quot;:null,&quot;category&quot;:null},beginDate:Thu Jan 01 00:00:00 CST 1987,deduction:null,earnings:null,endDate:Sat Jan 02 00:00:00 CST 1988,payType:{&quot;id&quot;:0,&quot;deleted&quot;:false,&quot;name&quot;:&quot;Annual Salary&quot;,&quot;displayOrder&quot;:null,&quot;description&quot;:null},periodType:{&quot;id&quot;:0,&quot;deleted&quot;:false,&quot;name&quot;:&quot;Deposit&quot;,&quot;displayOrder&quot;:null,&quot;description&quot;:null},retirementType:{&quot;id&quot;:0,&quot;deleted&quot;:false,&quot;name&quot;:&quot;CSRS&quot;,&quot;displayOrder&quot;:null,&quot;description&quot;:null},serviceType:{&quot;id&quot;:0,&quot;deleted&quot;:false,&quot;name&quot;:&quot;Firefighter&quot;,&quot;displayOrder&quot;:null,&quot;fersDepositAllowedAfter88&quot;:null},validationErrors:[]}(2)</declarations>
</org.drools.audit.event.ActivationLogEvent>
<org.drools.audit.event.ObjectLogEvent>
  <type>1</type>
  <factId>2</factId>
  <objectToString>{amount:13248,appointmentType:{&quot;id&quot;:0,&quot;deleted&quot;:false,&quot;name&quot;:&quot;TEMPORARY&quot;,&quot;displayOrder&quot;:null,&quot;description&quot;:null,&quot;category&quot;:null},beginDate:Thu Jan 01 00:00:00 CST 1987,deduction:null,earnings:null,endDate:Sat Jan 02 00:00:00 CST 1988,payType:{&quot;id&quot;:0,&quot;deleted&quot;:false,&quot;name&quot;:&quot;Annual Salary&quot;,&quot;displayOrder&quot;:null,&quot;description&quot;:null},periodType:{&quot;id&quot;:0,&quot;deleted&quot;:false,&quot;name&quot;:&quot;Deposit&quot;,&quot;displayOrder&quot;:null,&quot;description&quot;:null},retirementType:{&quot;id&quot;:0,&quot;deleted&quot;:false,&quot;name&quot;:&quot;CSRS&quot;,&quot;displayOrder&quot;:null,&quot;description&quot;:null},serviceType:{&quot;id&quot;:0,&quot;deleted&quot;:false,&quot;name&quot;:&quot;Firefighter&quot;,&quot;displayOrder&quot;:null,&quot;fersDepositAllowedAfter88&quot;:null},validationErrors:[]}</objectToString>
</org.drools.audit.event.ObjectLogEvent>
<org.drools.audit.event.ActivationLogEvent>
  <type>6</type>
  <activationId>CSRS Firefighter Annual Salary Deposit Calculation [2]</activationId>
  <rule>CSRS Firefighter Annual Salary Deposit Calculation</rule>
  <declarations>$servicePeriod={amount:13248,appointmentType:{&quot;id&quot;:0,&quot;deleted&quot;:false,&quot;name&quot;:&quot;TEMPORARY&quot;,&quot;displayOrder&quot;:null,&quot;description&quot;:null,&quot;category&quot;:null},beginDate:Thu Jan 01 00:00:00 CST 1987,deduction:null,earnings:null,endDate:Sat Jan 02 00:00:00 CST 1988,payType:{&quot;id&quot;:0,&quot;deleted&quot;:false,&quot;name&quot;:&quot;Annual Salary&quot;,&quot;displayOrder&quot;:null,&quot;description&quot;:null},periodType:{&quot;id&quot;:0,&quot;deleted&quot;:false,&quot;name&quot;:&quot;Deposit&quot;,&quot;displayOrder&quot;:null,&quot;description&quot;:null},retirementType:{&quot;id&quot;:0,&quot;deleted&quot;:false,&quot;name&quot;:&quot;CSRS&quot;,&quot;displayOrder&quot;:null,&quot;description&quot;:null},serviceType:{&quot;id&quot;:0,&quot;deleted&quot;:false,&quot;name&quot;:&quot;Firefighter&quot;,&quot;displayOrder&quot;:null,&quot;fersDepositAllowedAfter88&quot;:null},validationErrors:[]}(2)</declarations>
</org.drools.audit.event.ActivationLogEvent>
<org.drools.audit.event.ActivationLogEvent>
  <type>7</type>
  <activationId>CSRS Firefighter Annual Salary Deposit Calculation [2]</activationId>
  <rule>CSRS Firefighter Annual Salary Deposit Calculation</rule>
  <declarations>$servicePeriod={amount:13248,appointmentType:{&quot;id&quot;:0,&quot;deleted&quot;:false,&quot;name&quot;:&quot;TEMPORARY&quot;,&quot;displayOrder&quot;:null,&quot;description&quot;:null,&quot;category&quot;:null},beginDate:Thu Jan 01 00:00:00 CST 1987,deduction:999.12,earnings:13321.605888,endDate:Sat Jan 02 00:00:00 CST 1988,payType:{&quot;id&quot;:0,&quot;deleted&quot;:false,&quot;name&quot;:&quot;Annual Salary&quot;,&quot;displayOrder&quot;:null,&quot;description&quot;:null},periodType:{&quot;id&quot;:0,&quot;deleted&quot;:false,&quot;name&quot;:&quot;Deposit&quot;,&quot;displayOrder&quot;:null,&quot;description&quot;:null},retirementType:{&quot;id&quot;:0,&quot;deleted&quot;:false,&quot;name&quot;:&quot;CSRS&quot;,&quot;displayOrder&quot;:null,&quot;description&quot;:null},serviceType:{&quot;id&quot;:0,&quot;deleted&quot;:false,&quot;name&quot;:&quot;Firefighter&quot;,&quot;displayOrder&quot;:null,&quot;fersDepositAllowedAfter88&quot;:null},validationErrors:[]}(2)</declarations>
</org.drools.audit.event.ActivationLogEvent>
<org.drools.audit.event.ActivationLogEvent>
  <type>6</type>
  <activationId>CSRS Firefighter Annual Salary Deposit Calculation [1]</activationId>
  <rule>CSRS Firefighter Annual Salary Deposit Calculation</rule>
  <declarations>$servicePeriod={amount:12862,appointmentType:{&quot;id&quot;:0,&quot;deleted&quot;:false,&quot;name&quot;:&quot;TEMPORARY&quot;,&quot;displayOrder&quot;:null,&quot;description&quot;:null,&quot;category&quot;:null},beginDate:Tue May 07 00:00:00 CST 1985,deduction:null,earnings:null,endDate:Fri Feb 28 00:00:00 CST 1986,payType:{&quot;id&quot;:0,&quot;deleted&quot;:false,&quot;name&quot;:&quot;Annual Salary&quot;,&quot;displayOrder&quot;:null,&quot;description&quot;:null},periodType:{&quot;id&quot;:0,&quot;deleted&quot;:false,&quot;name&quot;:&quot;Deposit&quot;,&quot;displayOrder&quot;:null,&quot;description&quot;:null},retirementType:{&quot;id&quot;:0,&quot;deleted&quot;:false,&quot;name&quot;:&quot;CSRS&quot;,&quot;displayOrder&quot;:null,&quot;description&quot;:null},serviceType:{&quot;id&quot;:0,&quot;deleted&quot;:false,&quot;name&quot;:&quot;Firefighter&quot;,&quot;displayOrder&quot;:null,&quot;fersDepositAllowedAfter88&quot;:null},validationErrors:[]}(1)</declarations>
</org.drools.audit.event.ActivationLogEvent>
<org.drools.audit.event.ActivationLogEvent>
  <type>7</type>
  <activationId>CSRS Firefighter Annual Salary Deposit Calculation [1]</activationId>
  <rule>CSRS Firefighter Annual Salary Deposit Calculation</rule>
  <declarations>$servicePeriod={amount:12862,appointmentType:{&quot;id&quot;:0,&quot;deleted&quot;:false,&quot;name&quot;:&quot;TEMPORARY&quot;,&quot;displayOrder&quot;:null,&quot;description&quot;:null,&quot;category&quot;:null},beginDate:Tue May 07 00:00:00 CST 1985,deduction:787.80,earnings:10503.970954,endDate:Fri Feb 28 00:00:00 CST 1986,payType:{&quot;id&quot;:0,&quot;deleted&quot;:false,&quot;name&quot;:&quot;Annual Salary&quot;,&quot;displayOrder&quot;:null,&quot;description&quot;:null},periodType:{&quot;id&quot;:0,&quot;deleted&quot;:false,&quot;name&quot;:&quot;Deposit&quot;,&quot;displayOrder&quot;:null,&quot;description&quot;:null},retirementType:{&quot;id&quot;:0,&quot;deleted&quot;:false,&quot;name&quot;:&quot;CSRS&quot;,&quot;displayOrder&quot;:null,&quot;description&quot;:null},serviceType:{&quot;id&quot;:0,&quot;deleted&quot;:false,&quot;name&quot;:&quot;Firefighter&quot;,&quot;displayOrder&quot;:null,&quot;fersDepositAllowedAfter88&quot;:null},validationErrors:[]}(1)</declarations>
</org.drools.audit.event.ActivationLogEvent>
</object-stream>
